Removed Pin From Net: NetName=VCC_1V8 Pin=C5-1
Removed Pin From Net: NetName=GND Pin=C5-2
Removed Pin From Net: NetName=VCC_3V3 Pin=C6-1
Removed Pin From Net: NetName=GND Pin=C6-2
Removed Pin From Net: NetName=VCC_1V8 Pin=C7-1
Removed Pin From Net: NetName=GND Pin=C7-2
Removed Pin From Net: NetName=NetIC1_2 Pin=IC1-3
Removed Pin From Net: NetName=NetIC1_6 Pin=IC1-19
Removed Pin From Net: NetName=VCC_1V8 Pin=IC2-1
Removed Pin From Net: NetName=GND Pin=IC2-10
Removed Pin From Net: NetName=VCC_3V3 Pin=IC2-20
Removed Pin From Net: NetName=GND Pin=IC2-21
Removed Pin From Net: NetName=NetIC1_2 Pin=P1-6
Removed Pin From Net: NetName=GND Pin=P1-64
Removed Pin From Net: NetName=GND Pin=R1-1
Removed Pin From Net: NetName=GND Pin=R2-1
Removed Pin From Net: NetName=VGPIO Pin=R3-1
Removed Pin From Net: NetName=VCC_1V8 Pin=R5-1
Removed Pin From Net: NetName=VGPIO Pin=R6-1
Removed Pin From Net: NetName=NetD1_2 Pin=R17-1
Removed Pin From Net: NetName=GND Pin=R35-2
Removed Pin From Net: NetName=RTS_FTDI Pin=U1-2
Removed Pin From Net: NetName=RX_FTDI Pin=U1-5
Removed Pin From Net: NetName=GND Pin=U1-6
Removed Pin From Net: NetName=TX_FTDI Pin=U1-7
Removed Pin From Net: NetName=CTS_FTDI Pin=U1-10
Removed Pin From Net: NetName=VCC_1V8 Pin=U1-14
Removed Pin From Net: NetName=GND Pin=U2-4
Removed Pin From Net: NetName=VGPIO Pin=U2-8
Removed Member From Class: ClassName=Sheet1 Member=C12
Removed Member From Class: ClassName=Sheet1 Member=C13
Removed Member From Class: ClassName=Sheet1 Member=C14
Removed Member From Class: ClassName=Sheet1 Member=IC2
Removed Member From Class: ClassName=Sheet1 Member=R2
Removed Member From Class: ClassName=Sheet1 Member=R3
Removed Member From Class: ClassName=Sheet1 Member=R4
Removed Member From Class: ClassName=Sheet1 Member=R5
Removed Member From Class: ClassName=Sheet1 Member=R6
Removed Member From Class: ClassName=Sheet1 Member=R7
Removed Member From Class: ClassName=Sheet1 Member=U2
Removed Member From Class: ClassName=Sheet1 Member=U3
Change Component Comment : Designator=U2 Old Comment=74LVC2G126HD4-7 New Comment=74AUP1G08GM
Change Component Designator: OldDesignator=C8 NewDesignator=C5
Change Component Designator: OldDesignator=C9 NewDesignator=C6
Change Component Designator: OldDesignator=C10 NewDesignator=C7
Change Component Designator: OldDesignator=C11 NewDesignator=C8
Change Component Designator: OldDesignator=C12 NewDesignator=C9
Change Component Designator: OldDesignator=C13 NewDesignator=C10
Change Component Designator: OldDesignator=C14 NewDesignator=C11
Change Component Designator: OldDesignator=C15 NewDesignator=C12
Change Component Designator: OldDesignator=C16 NewDesignator=C13
Change Component Designator: OldDesignator=C17 NewDesignator=C14
Change Component Designator: OldDesignator=C18 NewDesignator=C15
Change Component Designator: OldDesignator=C19 NewDesignator=C16
Change Component Designator: OldDesignator=C20 NewDesignator=C17
Change Component Designator: OldDesignator=C21 NewDesignator=C18
Change Component Designator: OldDesignator=C22 NewDesignator=C19
Change Component Designator: OldDesignator=C23 NewDesignator=C20
Change Component Designator: OldDesignator=C24 NewDesignator=C21
Change Component Designator: OldDesignator=C25 NewDesignator=C22
Change Component Designator: OldDesignator=C26 NewDesignator=C23
Change Component Designator: OldDesignator=C27 NewDesignator=C24
Change Component Designator: OldDesignator=C28 NewDesignator=C25
Change Component Designator: OldDesignator=C29 NewDesignator=C26
Change Component Designator: OldDesignator=C30 NewDesignator=C27
Change Component Designator: OldDesignator=C31 NewDesignator=C28
Change Component Designator: OldDesignator=C32 NewDesignator=C29
Change Component Designator: OldDesignator=C33 NewDesignator=C30
Change Component Designator: OldDesignator=C34 NewDesignator=C31
Change Component Designator: OldDesignator=C35 NewDesignator=C34
Change Component Designator: OldDesignator=C36 NewDesignator=C35
Change Component Designator: OldDesignator=C? NewDesignator=C40
Change Component Designator: OldDesignator=C? NewDesignator=C41
Change Component Designator: OldDesignator=D2 NewDesignator=D6
Change Component Designator: OldDesignator=D3 NewDesignator=D7
Change Component Designator: OldDesignator=IC3 NewDesignator=IC2
Change Component Designator: OldDesignator=IC? NewDesignator=IC5
Change Component Designator: OldDesignator=IC? NewDesignator=IC6
Change Component Designator: OldDesignator=J? NewDesignator=J5
Change Component Designator: OldDesignator=J? NewDesignator=J6
Change Component Designator: OldDesignator=P? NewDesignator=P2
Change Component Designator: OldDesignator=P? NewDesignator=P3
Change Component Designator: OldDesignator=R7 NewDesignator=R1
Change Component Designator: OldDesignator=R8 NewDesignator=R2
Change Component Designator: OldDesignator=R9 NewDesignator=R3
Change Component Designator: OldDesignator=R10 NewDesignator=R4
Change Component Designator: OldDesignator=R11 NewDesignator=R5
Change Component Designator: OldDesignator=R12 NewDesignator=R6
Change Component Designator: OldDesignator=R13 NewDesignator=R7
Change Component Designator: OldDesignator=R14 NewDesignator=R8
Change Component Designator: OldDesignator=R15 NewDesignator=R10
Change Component Designator: OldDesignator=R16 NewDesignator=R11
Change Component Designator: OldDesignator=R17 NewDesignator=R12
Change Component Designator: OldDesignator=R18 NewDesignator=R13
Change Component Designator: OldDesignator=R19 NewDesignator=R14
Change Component Designator: OldDesignator=R20 NewDesignator=R15
Change Component Designator: OldDesignator=R21 NewDesignator=R16
Change Component Designator: OldDesignator=R22 NewDesignator=R17
Change Component Designator: OldDesignator=R23 NewDesignator=R18
Change Component Designator: OldDesignator=R24 NewDesignator=R19
Change Component Designator: OldDesignator=R25 NewDesignator=R20
Change Component Designator: OldDesignator=R26 NewDesignator=R21
Change Component Designator: OldDesignator=R27 NewDesignator=R22
Change Component Designator: OldDesignator=R28 NewDesignator=R24
Change Component Designator: OldDesignator=R29 NewDesignator=R25
Change Component Designator: OldDesignator=R30 NewDesignator=R26
Change Component Designator: OldDesignator=R31 NewDesignator=R27
Change Component Designator: OldDesignator=R32 NewDesignator=R30
Change Component Designator: OldDesignator=R33 NewDesignator=R31
Change Component Designator: OldDesignator=R34 NewDesignator=R49
Change Component Designator: OldDesignator=R35 NewDesignator=R50
Change Component Designator: OldDesignator=R36 NewDesignator=R51
Change Component Designator: OldDesignator=R37 NewDesignator=R52
Change Component Designator: OldDesignator=R38 NewDesignator=R53
Change Component Designator: OldDesignator=R39 NewDesignator=R54
Change Component Designator: OldDesignator=R40 NewDesignator=R55
Change Component Designator: OldDesignator=R41 NewDesignator=R56
Change Component Designator: OldDesignator=R? NewDesignator=R9
Change Component Designator: OldDesignator=U3 NewDesignator=U1
Change Component Designator: OldDesignator=U5 NewDesignator=U3
Added Component: Designator=C32(0402)
Add component. Clean all parameters for all variants
Add component (AddParameter): Name = "LatestRevisionDate"; Value = "29-May-2009"; VariantName = "[No Variations]"
Add component (AddParameter): Name = "LatestRevisionNote"; Value = "IPC-7351 Footprint Added."; VariantName = "[No Variations]"
Add component (AddParameter): Name = "PackageDescription"; Value = "Chip Capacitor"; VariantName = "[No Variations]"
Add component (AddParameter): Name = "PackageReference"; Value = "C1206"; VariantName = "[No Variations]"
Add component (AddParameter): Name = "Part Number"; Value = "LMK105BJ104KV-F"; VariantName = "[No Variations]"
Add component (AddParameter): Name = "Published"; Value = "8-Jun-2000"; VariantName = "[No Variations]"
Add component (AddParameter): Name = "Value"; Value = "100nF"; VariantName = "[No Variations]"
Added Component: Designator=C33(0402)
Add component. Clean all parameters for all variants
Add component (AddParameter): Name = "LatestRevisionDate"; Value = "29-May-2009"; VariantName = "[No Variations]"
Add component (AddParameter): Name = "LatestRevisionNote"; Value = "IPC-7351 Footprint Added."; VariantName = "[No Variations]"
Add component (AddParameter): Name = "PackageDescription"; Value = "Chip Capacitor"; VariantName = "[No Variations]"
Add component (AddParameter): Name = "PackageReference"; Value = "C1206"; VariantName = "[No Variations]"
Add component (AddParameter): Name = "Part Number"; Value = "LMK105BJ104KV-F"; VariantName = "[No Variations]"
Add component (AddParameter): Name = "Published"; Value = "8-Jun-2000"; VariantName = "[No Variations]"
Add component (AddParameter): Name = "Value"; Value = "100nF"; VariantName = "[No Variations]"
Added Component: Designator=C36(0402)
Add component. Clean all parameters for all variants
Add component (AddParameter): Name = "LatestRevisionDate"; Value = "29-May-2009"; VariantName = "[No Variations]"
Add component (AddParameter): Name = "LatestRevisionNote"; Value = "IPC-7351 Footprint Added."; VariantName = "[No Variations]"
Add component (AddParameter): Name = "PackageDescription"; Value = "Chip Capacitor"; VariantName = "[No Variations]"
Add component (AddParameter): Name = "PackageReference"; Value = "C1206"; VariantName = "[No Variations]"
Add component (AddParameter): Name = "Part Number"; Value = ""; VariantName = "[No Variations]"
Add component (AddParameter): Name = "Published"; Value = "8-Jun-2000"; VariantName = "[No Variations]"
Add component (AddParameter): Name = "Value"; Value = "1nF"; VariantName = "[No Variations]"
Added Component: Designator=D1(DIONC1105X44N)
Add component. Clean all parameters for all variants
Add component (AddParameter): Name = "Allied_Number"; Value = "70149788"; VariantName = "[No Variations]"
Add component (AddParameter): Name = "Allied_Price-Stock"; Value = "https://www.alliedelec.com/bussmann-by-eaton-0402esda-mlp1/70149788/"; VariantName = "[No Variations]"
Add component (AddParameter): Name = "DeviceName"; Value = ""; VariantName = "[No Variations]"
Add component (AddParameter): Name = "DeviceSetName"; Value = "0402ESDA-MLP1"; VariantName = "[No Variations]"
Add component (AddParameter): Name = "GateName_1"; Value = "G$1"; VariantName = "[No Variations]"
Add component (AddParameter): Name = "Height"; Value = "0.436mm"; VariantName = "[No Variations]"
Add component (AddParameter): Name = "LibraryName"; Value = "0402ESDA-MLP1"; VariantName = "[No Variations]"
Add component (AddParameter): Name = "Manufacturer_Name"; Value = "Eaton"; VariantName = "[No Variations]"
Add component (AddParameter): Name = "Manufacturer_Part_Number"; Value = "0402ESDA-MLP1"; VariantName = "[No Variations]"
Add component (AddParameter): Name = "Mouser_Part_Number"; Value = "504-0402ESDA-MLP1"; VariantName = "[No Variations]"
Add component (AddParameter): Name = "Mouser_Price-Stock"; Value = "https://www.mouser.com/Search/Refine.aspx?Keyword=504-0402ESDA-MLP1"; VariantName = "[No Variations]"
Add component (AddParameter): Name = "Package"; Value = "DIONC1105X44N"; VariantName = "[No Variations]"
Add component (AddParameter): Name = "RS_Part_Number"; Value = "504-0402ESDA-MLP1"; VariantName = "[No Variations]"
Add component (AddParameter): Name = "RS_Price-Stock"; Value = "https://www.mouser.com/Search/Refine.aspx?Keyword=504-0402ESDA-MLP1"; VariantName = "[No Variations]"
Add component (AddParameter): Name = "SymbolName_1"; Value = "0402ESDA-MLP1"; VariantName = "[No Variations]"
Added Component: Designator=D2(DIONC1105X44N)
Add component. Clean all parameters for all variants
Add component (AddParameter): Name = "Allied_Number"; Value = "70149788"; VariantName = "[No Variations]"
Add component (AddParameter): Name = "Allied_Price-Stock"; Value = "https://www.alliedelec.com/bussmann-by-eaton-0402esda-mlp1/70149788/"; VariantName = "[No Variations]"
Add component (AddParameter): Name = "DeviceName"; Value = ""; VariantName = "[No Variations]"
Add component (AddParameter): Name = "DeviceSetName"; Value = "0402ESDA-MLP1"; VariantName = "[No Variations]"
Add component (AddParameter): Name = "GateName_1"; Value = "G$1"; VariantName = "[No Variations]"
Add component (AddParameter): Name = "Height"; Value = "0.436mm"; VariantName = "[No Variations]"
Add component (AddParameter): Name = "LibraryName"; Value = "0402ESDA-MLP1"; VariantName = "[No Variations]"
Add component (AddParameter): Name = "Manufacturer_Name"; Value = "Eaton"; VariantName = "[No Variations]"
Add component (AddParameter): Name = "Manufacturer_Part_Number"; Value = "0402ESDA-MLP1"; VariantName = "[No Variations]"
Add component (AddParameter): Name = "Mouser_Part_Number"; Value = "504-0402ESDA-MLP1"; VariantName = "[No Variations]"
Add component (AddParameter): Name = "Mouser_Price-Stock"; Value = "https://www.mouser.com/Search/Refine.aspx?Keyword=504-0402ESDA-MLP1"; VariantName = "[No Variations]"
Add component (AddParameter): Name = "Package"; Value = "DIONC1105X44N"; VariantName = "[No Variations]"
Add component (AddParameter): Name = "RS_Part_Number"; Value = "504-0402ESDA-MLP1"; VariantName = "[No Variations]"
Add component (AddParameter): Name = "RS_Price-Stock"; Value = "https://www.mouser.com/Search/Refine.aspx?Keyword=504-0402ESDA-MLP1"; VariantName = "[No Variations]"
Add component (AddParameter): Name = "SymbolName_1"; Value = "0402ESDA-MLP1"; VariantName = "[No Variations]"
Added Component: Designator=D3(DIONC1105X44N)
Add component. Clean all parameters for all variants
Add component (AddParameter): Name = "Allied_Number"; Value = "70149788"; VariantName = "[No Variations]"
Add component (AddParameter): Name = "Allied_Price-Stock"; Value = "https://www.alliedelec.com/bussmann-by-eaton-0402esda-mlp1/70149788/"; VariantName = "[No Variations]"
Add component (AddParameter): Name = "DeviceName"; Value = ""; VariantName = "[No Variations]"
Add component (AddParameter): Name = "DeviceSetName"; Value = "0402ESDA-MLP1"; VariantName = "[No Variations]"
Add component (AddParameter): Name = "GateName_1"; Value = "G$1"; VariantName = "[No Variations]"
Add component (AddParameter): Name = "Height"; Value = "0.436mm"; VariantName = "[No Variations]"
Add component (AddParameter): Name = "LibraryName"; Value = "0402ESDA-MLP1"; VariantName = "[No Variations]"
Add component (AddParameter): Name = "Manufacturer_Name"; Value = "Eaton"; VariantName = "[No Variations]"
Add component (AddParameter): Name = "Manufacturer_Part_Number"; Value = "0402ESDA-MLP1"; VariantName = "[No Variations]"
Add component (AddParameter): Name = "Mouser_Part_Number"; Value = "504-0402ESDA-MLP1"; VariantName = "[No Variations]"
Add component (AddParameter): Name = "Mouser_Price-Stock"; Value = "https://www.mouser.com/Search/Refine.aspx?Keyword=504-0402ESDA-MLP1"; VariantName = "[No Variations]"
Add component (AddParameter): Name = "Package"; Value = "DIONC1105X44N"; VariantName = "[No Variations]"
Add component (AddParameter): Name = "RS_Part_Number"; Value = "504-0402ESDA-MLP1"; VariantName = "[No Variations]"
Add component (AddParameter): Name = "RS_Price-Stock"; Value = "https://www.mouser.com/Search/Refine.aspx?Keyword=504-0402ESDA-MLP1"; VariantName = "[No Variations]"
Add component (AddParameter): Name = "SymbolName_1"; Value = "0402ESDA-MLP1"; VariantName = "[No Variations]"
Added Component: Designator=D5(DIONC1105X44N)
Add component. Clean all parameters for all variants
Add component (AddParameter): Name = "Allied_Number"; Value = "70149788"; VariantName = "[No Variations]"
Add component (AddParameter): Name = "Allied_Price-Stock"; Value = "https://www.alliedelec.com/bussmann-by-eaton-0402esda-mlp1/70149788/"; VariantName = "[No Variations]"
Add component (AddParameter): Name = "DeviceName"; Value = ""; VariantName = "[No Variations]"
Add component (AddParameter): Name = "DeviceSetName"; Value = "0402ESDA-MLP1"; VariantName = "[No Variations]"
Add component (AddParameter): Name = "GateName_1"; Value = "G$1"; VariantName = "[No Variations]"
Add component (AddParameter): Name = "Height"; Value = "0.436mm"; VariantName = "[No Variations]"
Add component (AddParameter): Name = "LibraryName"; Value = "0402ESDA-MLP1"; VariantName = "[No Variations]"
Add component (AddParameter): Name = "Manufacturer_Name"; Value = "Eaton"; VariantName = "[No Variations]"
Add component (AddParameter): Name = "Manufacturer_Part_Number"; Value = "0402ESDA-MLP1"; VariantName = "[No Variations]"
Add component (AddParameter): Name = "Mouser_Part_Number"; Value = "504-0402ESDA-MLP1"; VariantName = "[No Variations]"
Add component (AddParameter): Name = "Mouser_Price-Stock"; Value = "https://www.mouser.com/Search/Refine.aspx?Keyword=504-0402ESDA-MLP1"; VariantName = "[No Variations]"
Add component (AddParameter): Name = "Package"; Value = "DIONC1105X44N"; VariantName = "[No Variations]"
Add component (AddParameter): Name = "RS_Part_Number"; Value = "504-0402ESDA-MLP1"; VariantName = "[No Variations]"
Add component (AddParameter): Name = "RS_Price-Stock"; Value = "https://www.mouser.com/Search/Refine.aspx?Keyword=504-0402ESDA-MLP1"; VariantName = "[No Variations]"
Add component (AddParameter): Name = "SymbolName_1"; Value = "0402ESDA-MLP1"; VariantName = "[No Variations]"
Added Component: Designator=IC3(SOP65P640X120-16N)
Add component. Clean all parameters for all variants
Add component (AddParameter): Name = "DeviceName"; Value = ""; VariantName = "[No Variations]"
Add component (AddParameter): Name = "DeviceSetName"; Value = "TCA9546APWR"; VariantName = "[No Variations]"
Add component (AddParameter): Name = "GateName_1"; Value = "G$1"; VariantName = "[No Variations]"
Add component (AddParameter): Name = "Height"; Value = "1.2mm"; VariantName = "[No Variations]"
Add component (AddParameter): Name = "LibraryName"; Value = "TCA9546APWR"; VariantName = "[No Variations]"
Add component (AddParameter): Name = "Manufacturer_Name"; Value = "Texas Instruments"; VariantName = "[No Variations]"
Add component (AddParameter): Name = "Manufacturer_Part_Number"; Value = "TCA9546APWR"; VariantName = "[No Variations]"
Add component (AddParameter): Name = "Mouser_Part_Number"; Value = "595-TCA9546APWR"; VariantName = "[No Variations]"
Add component (AddParameter): Name = "Mouser_Price-Stock"; Value = "https://www.mouser.com/Search/Refine.aspx?Keyword=595-TCA9546APWR"; VariantName = "[No Variations]"
Add component (AddParameter): Name = "Package"; Value = "SOP65P640X120-16N"; VariantName = "[No Variations]"
Add component (AddParameter): Name = "RS_Part_Number"; Value = "595-TCA9546APWR"; VariantName = "[No Variations]"
Add component (AddParameter): Name = "RS_Price-Stock"; Value = "https://www.mouser.com/Search/Refine.aspx?Keyword=595-TCA9546APWR"; VariantName = "[No Variations]"
Add component (AddParameter): Name = "SymbolName_1"; Value = "TCA9546APWR"; VariantName = "[No Variations]"
Added Component: Designator=R23(RES 0402/1005)
Add component. Clean all parameters for all variants
Add component (AddParameter): Name = "LatestRevisionDate"; Value = "17-Jul-2002"; VariantName = "[No Variations]"
Add component (AddParameter): Name = "LatestRevisionNote"; Value = "Re-released for DXP Platform."; VariantName = "[No Variations]"
Add component (AddParameter): Name = "PackageDescription"; Value = "Axial Device, Thru-Hole; 2 Leads; 0.3 in Pin Spacing"; VariantName = "[No Variations]"
Add component (AddParameter): Name = "PackageReference"; Value = "AXIAL-0.3"; VariantName = "[No Variations]"
Add component (AddParameter): Name = "Part Number"; Value = "MCR01MZPJ104"; VariantName = "[No Variations]"
Add component (AddParameter): Name = "Published"; Value = "8-Jun-2000"; VariantName = "[No Variations]"
Add component (AddParameter): Name = "Value"; Value = "100k"; VariantName = "[No Variations]"
Added Component: Designator=R28(RES 0402/1005)
Add component. Clean all parameters for all variants
Add component (AddParameter): Name = "LatestRevisionDate"; Value = "17-Jul-2002"; VariantName = "[No Variations]"
Add component (AddParameter): Name = "LatestRevisionNote"; Value = "Re-released for DXP Platform."; VariantName = "[No Variations]"
Add component (AddParameter): Name = "PackageDescription"; Value = "Axial Device, Thru-Hole; 2 Leads; 0.3 in Pin Spacing"; VariantName = "[No Variations]"
Add component (AddParameter): Name = "PackageReference"; Value = "AXIAL-0.3"; VariantName = "[No Variations]"
Add component (AddParameter): Name = "Part Number"; Value = "RK73Z1ETTP"; VariantName = "[No Variations]"
Add component (AddParameter): Name = "Published"; Value = "8-Jun-2000"; VariantName = "[No Variations]"
Add component (AddParameter): Name = "Value"; Value = "0 Ohm"; VariantName = "[No Variations]"
Added Component: Designator=R29(RES 0402/1005)
Add component. Clean all parameters for all variants
Add component (AddParameter): Name = "LatestRevisionDate"; Value = "17-Jul-2002"; VariantName = "[No Variations]"
Add component (AddParameter): Name = "LatestRevisionNote"; Value = "Re-released for DXP Platform."; VariantName = "[No Variations]"
Add component (AddParameter): Name = "PackageDescription"; Value = "Axial Device, Thru-Hole; 2 Leads; 0.3 in Pin Spacing"; VariantName = "[No Variations]"
Add component (AddParameter): Name = "PackageReference"; Value = "AXIAL-0.3"; VariantName = "[No Variations]"
Add component (AddParameter): Name = "Part Number"; Value = "RK73Z1ETTP"; VariantName = "[No Variations]"
Add component (AddParameter): Name = "Published"; Value = "8-Jun-2000"; VariantName = "[No Variations]"
Add component (AddParameter): Name = "Value"; Value = "0 Ohm"; VariantName = "[No Variations]"
Added Component: Designator=R32(RES 0402/1005)
Add component. Clean all parameters for all variants
Add component (AddParameter): Name = "LatestRevisionDate"; Value = "17-Jul-2002"; VariantName = "[No Variations]"
Add component (AddParameter): Name = "LatestRevisionNote"; Value = "Re-released for DXP Platform."; VariantName = "[No Variations]"
Add component (AddParameter): Name = "PackageDescription"; Value = "Axial Device, Thru-Hole; 2 Leads; 0.3 in Pin Spacing"; VariantName = "[No Variations]"
Add component (AddParameter): Name = "PackageReference"; Value = "AXIAL-0.3"; VariantName = "[No Variations]"
Add component (AddParameter): Name = "Part Number"; Value = "RC0402FR-074K7L"; VariantName = "[No Variations]"
Add component (AddParameter): Name = "Published"; Value = "8-Jun-2000"; VariantName = "[No Variations]"
Add component (AddParameter): Name = "Value"; Value = "4.7k"; VariantName = "[No Variations]"
Added Component: Designator=R33(RES 0402/1005)
Add component. Clean all parameters for all variants
Add component (AddParameter): Name = "LatestRevisionDate"; Value = "17-Jul-2002"; VariantName = "[No Variations]"
Add component (AddParameter): Name = "LatestRevisionNote"; Value = "Re-released for DXP Platform."; VariantName = "[No Variations]"
Add component (AddParameter): Name = "PackageDescription"; Value = "Axial Device, Thru-Hole; 2 Leads; 0.3 in Pin Spacing"; VariantName = "[No Variations]"
Add component (AddParameter): Name = "PackageReference"; Value = "AXIAL-0.3"; VariantName = "[No Variations]"
Add component (AddParameter): Name = "Part Number"; Value = "RC0402FR-074K7L"; VariantName = "[No Variations]"
Add component (AddParameter): Name = "Published"; Value = "8-Jun-2000"; VariantName = "[No Variations]"
Add component (AddParameter): Name = "Value"; Value = "4.7k"; VariantName = "[No Variations]"
Added Component: Designator=R34(RES 0402/1005)
Add component. Clean all parameters for all variants
Add component (AddParameter): Name = "LatestRevisionDate"; Value = "17-Jul-2002"; VariantName = "[No Variations]"
Add component (AddParameter): Name = "LatestRevisionNote"; Value = "Re-released for DXP Platform."; VariantName = "[No Variations]"
Add component (AddParameter): Name = "PackageDescription"; Value = "Axial Device, Thru-Hole; 2 Leads; 0.3 in Pin Spacing"; VariantName = "[No Variations]"
Add component (AddParameter): Name = "PackageReference"; Value = "AXIAL-0.3"; VariantName = "[No Variations]"
Add component (AddParameter): Name = "Part Number"; Value = "RC0402FR-074K7L"; VariantName = "[No Variations]"
Add component (AddParameter): Name = "Published"; Value = "8-Jun-2000"; VariantName = "[No Variations]"
Add component (AddParameter): Name = "Value"; Value = "4.7k"; VariantName = "[No Variations]"
Added Component: Designator=R35(RES 0402/1005)
Add component. Clean all parameters for all variants
Add component (AddParameter): Name = "LatestRevisionDate"; Value = "17-Jul-2002"; VariantName = "[No Variations]"
Add component (AddParameter): Name = "LatestRevisionNote"; Value = "Re-released for DXP Platform."; VariantName = "[No Variations]"
Add component (AddParameter): Name = "PackageDescription"; Value = "Axial Device, Thru-Hole; 2 Leads; 0.3 in Pin Spacing"; VariantName = "[No Variations]"
Add component (AddParameter): Name = "PackageReference"; Value = "AXIAL-0.3"; VariantName = "[No Variations]"
Add component (AddParameter): Name = "Part Number"; Value = "RC0402FR-074K7L"; VariantName = "[No Variations]"
Add component (AddParameter): Name = "Published"; Value = "8-Jun-2000"; VariantName = "[No Variations]"
Add component (AddParameter): Name = "Value"; Value = "4.7k"; VariantName = "[No Variations]"
Added Component: Designator=R36(RES 0402/1005)
Add component. Clean all parameters for all variants
Add component (AddParameter): Name = "LatestRevisionDate"; Value = "17-Jul-2002"; VariantName = "[No Variations]"
Add component (AddParameter): Name = "LatestRevisionNote"; Value = "Re-released for DXP Platform."; VariantName = "[No Variations]"
Add component (AddParameter): Name = "PackageDescription"; Value = "Axial Device, Thru-Hole; 2 Leads; 0.3 in Pin Spacing"; VariantName = "[No Variations]"
Add component (AddParameter): Name = "PackageReference"; Value = "AXIAL-0.3"; VariantName = "[No Variations]"
Add component (AddParameter): Name = "Part Number"; Value = "RC0402FR-074K7L"; VariantName = "[No Variations]"
Add component (AddParameter): Name = "Published"; Value = "8-Jun-2000"; VariantName = "[No Variations]"
Add component (AddParameter): Name = "Value"; Value = "4.7k"; VariantName = "[No Variations]"
Added Component: Designator=R37(RES 0402/1005)
Add component. Clean all parameters for all variants
Add component (AddParameter): Name = "LatestRevisionDate"; Value = "17-Jul-2002"; VariantName = "[No Variations]"
Add component (AddParameter): Name = "LatestRevisionNote"; Value = "Re-released for DXP Platform."; VariantName = "[No Variations]"
Add component (AddParameter): Name = "PackageDescription"; Value = "Axial Device, Thru-Hole; 2 Leads; 0.3 in Pin Spacing"; VariantName = "[No Variations]"
Add component (AddParameter): Name = "PackageReference"; Value = "AXIAL-0.3"; VariantName = "[No Variations]"
Add component (AddParameter): Name = "Part Number"; Value = "RC0402FR-074K7L"; VariantName = "[No Variations]"
Add component (AddParameter): Name = "Published"; Value = "8-Jun-2000"; VariantName = "[No Variations]"
Add component (AddParameter): Name = "Value"; Value = "4.7k"; VariantName = "[No Variations]"
Added Component: Designator=R38(RES 0402/1005)
Add component. Clean all parameters for all variants
Add component (AddParameter): Name = "LatestRevisionDate"; Value = "17-Jul-2002"; VariantName = "[No Variations]"
Add component (AddParameter): Name = "LatestRevisionNote"; Value = "Re-released for DXP Platform."; VariantName = "[No Variations]"
Add component (AddParameter): Name = "PackageDescription"; Value = "Axial Device, Thru-Hole; 2 Leads; 0.3 in Pin Spacing"; VariantName = "[No Variations]"
Add component (AddParameter): Name = "PackageReference"; Value = "AXIAL-0.3"; VariantName = "[No Variations]"
Add component (AddParameter): Name = "Part Number"; Value = "RC0402FR-074K7L"; VariantName = "[No Variations]"
Add component (AddParameter): Name = "Published"; Value = "8-Jun-2000"; VariantName = "[No Variations]"
Add component (AddParameter): Name = "Value"; Value = "4.7k"; VariantName = "[No Variations]"
Added Component: Designator=R39(RES 0402/1005)
Add component. Clean all parameters for all variants
Add component (AddParameter): Name = "LatestRevisionDate"; Value = "17-Jul-2002"; VariantName = "[No Variations]"
Add component (AddParameter): Name = "LatestRevisionNote"; Value = "Re-released for DXP Platform."; VariantName = "[No Variations]"
Add component (AddParameter): Name = "PackageDescription"; Value = "Axial Device, Thru-Hole; 2 Leads; 0.3 in Pin Spacing"; VariantName = "[No Variations]"
Add component (AddParameter): Name = "PackageReference"; Value = "AXIAL-0.3"; VariantName = "[No Variations]"
Add component (AddParameter): Name = "Part Number"; Value = "RC0402FR-074K7L"; VariantName = "[No Variations]"
Add component (AddParameter): Name = "Published"; Value = "8-Jun-2000"; VariantName = "[No Variations]"
Add component (AddParameter): Name = "Value"; Value = "4.7k"; VariantName = "[No Variations]"
Added Component: Designator=R40(RES 0402/1005)
Add component. Clean all parameters for all variants
Add component (AddParameter): Name = "LatestRevisionDate"; Value = "17-Jul-2002"; VariantName = "[No Variations]"
Add component (AddParameter): Name = "LatestRevisionNote"; Value = "Re-released for DXP Platform."; VariantName = "[No Variations]"
Add component (AddParameter): Name = "PackageDescription"; Value = "Axial Device, Thru-Hole; 2 Leads; 0.3 in Pin Spacing"; VariantName = "[No Variations]"
Add component (AddParameter): Name = "PackageReference"; Value = "AXIAL-0.3"; VariantName = "[No Variations]"
Add component (AddParameter): Name = "Part Number"; Value = "RK73Z1ETTP"; VariantName = "[No Variations]"
Add component (AddParameter): Name = "Published"; Value = "8-Jun-2000"; VariantName = "[No Variations]"
Add component (AddParameter): Name = "Value"; Value = "0 Ohm"; VariantName = "[No Variations]"
Added Component: Designator=R41(RES 0402/1005)
Add component. Clean all parameters for all variants
Add component (AddParameter): Name = "LatestRevisionDate"; Value = "17-Jul-2002"; VariantName = "[No Variations]"
Add component (AddParameter): Name = "LatestRevisionNote"; Value = "Re-released for DXP Platform."; VariantName = "[No Variations]"
Add component (AddParameter): Name = "PackageDescription"; Value = "Axial Device, Thru-Hole; 2 Leads; 0.3 in Pin Spacing"; VariantName = "[No Variations]"
Add component (AddParameter): Name = "PackageReference"; Value = "AXIAL-0.3"; VariantName = "[No Variations]"
Add component (AddParameter): Name = "Part Number"; Value = "RK73Z1ETTP"; VariantName = "[No Variations]"
Add component (AddParameter): Name = "Published"; Value = "8-Jun-2000"; VariantName = "[No Variations]"
Add component (AddParameter): Name = "Value"; Value = "0 Ohm"; VariantName = "[No Variations]"
Added Component: Designator=R42(RES 0402/1005)
Add component. Clean all parameters for all variants
Add component (AddParameter): Name = "LatestRevisionDate"; Value = "17-Jul-2002"; VariantName = "[No Variations]"
Add component (AddParameter): Name = "LatestRevisionNote"; Value = "Re-released for DXP Platform."; VariantName = "[No Variations]"
Add component (AddParameter): Name = "PackageDescription"; Value = "Axial Device, Thru-Hole; 2 Leads; 0.3 in Pin Spacing"; VariantName = "[No Variations]"
Add component (AddParameter): Name = "PackageReference"; Value = "AXIAL-0.3"; VariantName = "[No Variations]"
Add component (AddParameter): Name = "Part Number"; Value = "RK73Z1ETTP"; VariantName = "[No Variations]"
Add component (AddParameter): Name = "Published"; Value = "8-Jun-2000"; VariantName = "[No Variations]"
Add component (AddParameter): Name = "Value"; Value = "0 Ohm"; VariantName = "[No Variations]"
Added Component: Designator=R43(RES 0402/1005)
Add component. Clean all parameters for all variants
Add component (AddParameter): Name = "LatestRevisionDate"; Value = "17-Jul-2002"; VariantName = "[No Variations]"
Add component (AddParameter): Name = "LatestRevisionNote"; Value = "Re-released for DXP Platform."; VariantName = "[No Variations]"
Add component (AddParameter): Name = "PackageDescription"; Value = "Axial Device, Thru-Hole; 2 Leads; 0.3 in Pin Spacing"; VariantName = "[No Variations]"
Add component (AddParameter): Name = "PackageReference"; Value = "AXIAL-0.3"; VariantName = "[No Variations]"
Add component (AddParameter): Name = "Part Number"; Value = "RK73Z1ETTP"; VariantName = "[No Variations]"
Add component (AddParameter): Name = "Published"; Value = "8-Jun-2000"; VariantName = "[No Variations]"
Add component (AddParameter): Name = "Value"; Value = "0 Ohm"; VariantName = "[No Variations]"
Added Component: Designator=R44(RES 0402/1005)
Add component. Clean all parameters for all variants
Add component (AddParameter): Name = "LatestRevisionDate"; Value = "17-Jul-2002"; VariantName = "[No Variations]"
Add component (AddParameter): Name = "LatestRevisionNote"; Value = "Re-released for DXP Platform."; VariantName = "[No Variations]"
Add component (AddParameter): Name = "PackageDescription"; Value = "Axial Device, Thru-Hole; 2 Leads; 0.3 in Pin Spacing"; VariantName = "[No Variations]"
Add component (AddParameter): Name = "PackageReference"; Value = "AXIAL-0.3"; VariantName = "[No Variations]"
Add component (AddParameter): Name = "Part Number"; Value = "RC0402FR-074K7L"; VariantName = "[No Variations]"
Add component (AddParameter): Name = "Published"; Value = "8-Jun-2000"; VariantName = "[No Variations]"
Add component (AddParameter): Name = "Value"; Value = "4.7k"; VariantName = "[No Variations]"
Added Component: Designator=R45(RES 0402/1005)
Add component. Clean all parameters for all variants
Add component (AddParameter): Name = "LatestRevisionDate"; Value = "17-Jul-2002"; VariantName = "[No Variations]"
Add component (AddParameter): Name = "LatestRevisionNote"; Value = "Re-released for DXP Platform."; VariantName = "[No Variations]"
Add component (AddParameter): Name = "PackageDescription"; Value = "Axial Device, Thru-Hole; 2 Leads; 0.3 in Pin Spacing"; VariantName = "[No Variations]"
Add component (AddParameter): Name = "PackageReference"; Value = "AXIAL-0.3"; VariantName = "[No Variations]"
Add component (AddParameter): Name = "Part Number"; Value = "RK73Z1ETTP"; VariantName = "[No Variations]"
Add component (AddParameter): Name = "Published"; Value = "8-Jun-2000"; VariantName = "[No Variations]"
Add component (AddParameter): Name = "Value"; Value = "0 Ohm"; VariantName = "[No Variations]"
Added Component: Designator=R46(RES 0402/1005)
Add component. Clean all parameters for all variants
Add component (AddParameter): Name = "LatestRevisionDate"; Value = "17-Jul-2002"; VariantName = "[No Variations]"
Add component (AddParameter): Name = "LatestRevisionNote"; Value = "Re-released for DXP Platform."; VariantName = "[No Variations]"
Add component (AddParameter): Name = "PackageDescription"; Value = "Axial Device, Thru-Hole; 2 Leads; 0.3 in Pin Spacing"; VariantName = "[No Variations]"
Add component (AddParameter): Name = "PackageReference"; Value = "AXIAL-0.3"; VariantName = "[No Variations]"
Add component (AddParameter): Name = "Part Number"; Value = "RK73Z1ETTP"; VariantName = "[No Variations]"
Add component (AddParameter): Name = "Published"; Value = "8-Jun-2000"; VariantName = "[No Variations]"
Add component (AddParameter): Name = "Value"; Value = "0 Ohm"; VariantName = "[No Variations]"
Added Component: Designator=R47(RES 0402/1005)
Add component. Clean all parameters for all variants
Add component (AddParameter): Name = "LatestRevisionDate"; Value = "17-Jul-2002"; VariantName = "[No Variations]"
Add component (AddParameter): Name = "LatestRevisionNote"; Value = "Re-released for DXP Platform."; VariantName = "[No Variations]"
Add component (AddParameter): Name = "PackageDescription"; Value = "Axial Device, Thru-Hole; 2 Leads; 0.3 in Pin Spacing"; VariantName = "[No Variations]"
Add component (AddParameter): Name = "PackageReference"; Value = "AXIAL-0.3"; VariantName = "[No Variations]"
Add component (AddParameter): Name = "Part Number"; Value = "MCR01MZPF1002"; VariantName = "[No Variations]"
Add component (AddParameter): Name = "Published"; Value = "8-Jun-2000"; VariantName = "[No Variations]"
Add component (AddParameter): Name = "Value"; Value = "10k"; VariantName = "[No Variations]"
Added Component: Designator=R48(RES 0402/1005)
Add component. Clean all parameters for all variants
Add component (AddParameter): Name = "LatestRevisionDate"; Value = "17-Jul-2002"; VariantName = "[No Variations]"
Add component (AddParameter): Name = "LatestRevisionNote"; Value = "Re-released for DXP Platform."; VariantName = "[No Variations]"
Add component (AddParameter): Name = "PackageDescription"; Value = "Axial Device, Thru-Hole; 2 Leads; 0.3 in Pin Spacing"; VariantName = "[No Variations]"
Add component (AddParameter): Name = "PackageReference"; Value = "AXIAL-0.3"; VariantName = "[No Variations]"
Add component (AddParameter): Name = "Part Number"; Value = "MCR01MZPF1002"; VariantName = "[No Variations]"
Add component (AddParameter): Name = "Published"; Value = "8-Jun-2000"; VariantName = "[No Variations]"
Add component (AddParameter): Name = "Value"; Value = "10k"; VariantName = "[No Variations]"
Added Pin To Net: NetName=GND Pin=C32-1
Added Pin To Net: NetName=GND Pin=C33-1
Added Pin To Net: NetName=GND Pin=C36-1
Added Pin To Net: NetName=GND Pin=D1-1
Added Pin To Net: NetName=NetD1_2 Pin=D1-2
Added Pin To Net: NetName=GND Pin=D2-1
Added Pin To Net: NetName=NetC1_1 Pin=D2-2
Added Pin To Net: NetName=GND Pin=D3-1
Added Pin To Net: NetName=GND Pin=D5-1
Added Pin To Net: NetName=NetC32_2 Pin=D5-2
Added Pin To Net: NetName=GND Pin=IC3-8
Added Pin To Net: NetName=NetD1_2 Pin=J1-1
Added Pin To Net: NetName=USB_CN_D+ Pin=J6-A6
Added Pin To Net: NetName=USB_CN_D- Pin=J6-A7
Added Pin To Net: NetName=NetD1_2 Pin=P1-49
Added Pin To Net: NetName=NetIC1_2 Pin=P1-150
Added Pin To Net: NetName=NetP1_46 Pin=R23-1
Added Pin To Net: NetName=GND Pin=R23-2
Added Pin To Net: NetName=VCC_1V8 Pin=R28-2
Added Pin To Net: NetName=VCC_3V3 Pin=R29-2
Added Pin To Net: NetName=VCC_1V8 Pin=R32-1
Added Pin To Net: NetName=VCC_1V8 Pin=R33-1
Added Pin To Net: NetName=VCC_3V3 Pin=R34-1
Added Pin To Net: NetName=VCC_3V3 Pin=R35-1
Added Pin To Net: NetName=VCC_1V8 Pin=R36-1
Added Pin To Net: NetName=VCC_1V8 Pin=R37-1
Added Pin To Net: NetName=VCC_3V3 Pin=R38-1
Added Pin To Net: NetName=VCC_3V3 Pin=R39-1
Added Pin To Net: NetName=VCC_1V8 Pin=R40-1
Added Pin To Net: NetName=GND Pin=R41-1
Added Pin To Net: NetName=GND Pin=R43-2
Added Pin To Net: NetName=VCC_3V3 Pin=R47-2
Added Pin To Net: NetName=VCC_3V3 Pin=R48-2
Added Pin To Net: NetName=NetR31_1 Pin=U2-1
Added Pin To Net: NetName=NetC32_2 Pin=U2-2
Added Pin To Net: NetName=GND Pin=U2-3
Added Pin To Net: NetName=VCC_1V8 Pin=U2-6
Change Net Name : Old Net Name=NetC10_1 New Net Name=NetC7_1
Change Net Name : Old Net Name=NetC16_1 New Net Name=NetC13_1
Change Net Name : Old Net Name=NetC17_1 New Net Name=NetC14_1
Change Net Name : Old Net Name=NetC18_1 New Net Name=NetC15_1
Change Net Name : Old Net Name=NetC19_2 New Net Name=NetC16_2
Change Net Name : Old Net Name=NetC20_2 New Net Name=NetC17_2
Change Net Name : Old Net Name=NetC21_2 New Net Name=NetC18_2
Change Net Name : Old Net Name=NetC22_1 New Net Name=NetC19_1
Change Net Name : Old Net Name=NetC23_2 New Net Name=NetC20_2
Change Net Name : Old Net Name=NetC24_2 New Net Name=NetC21_2
Change Net Name : Old Net Name=NetC25_2 New Net Name=NetC22_2
Change Net Name : Old Net Name=NetC26_2 New Net Name=NetC23_2
Change Net Name : Old Net Name=NetC27_2 New Net Name=NetC24_2
Change Net Name : Old Net Name=NetC28_2 New Net Name=NetC25_2
Change Net Name : Old Net Name=NetC31_2 New Net Name=NetC28_2
Change Net Name : Old Net Name=NetC32_2 New Net Name=NetC29_2
Change Net Name : Old Net Name=NetC33_2 New Net Name=NetC30_2
Change Net Name : Old Net Name=NetC?_2 New Net Name=NetC40_2
Change Net Name : Old Net Name=NetD2_2 New Net Name=NetD6_2
Change Net Name : Old Net Name=NetD3_1 New Net Name=NetD7_1
Change Net Name : Old Net Name=NetD3_3 New Net Name=NetD7_3
Change Net Name : Old Net Name=NetIC3_1 New Net Name=NetIC2_1
Change Net Name : Old Net Name=NetIC3_2 New Net Name=NetIC2_2
Change Net Name : Old Net Name=NetIC?_1 New Net Name=NetIC5_1
Change Net Name : Old Net Name=NetJ?_A4 New Net Name=NetJ6_A4
Change Net Name : Old Net Name=NetR9_1 New Net Name=NetR3_1
Change Net Name : Old Net Name=NetR13_1 New Net Name=NetR7_1
Change Net Name : Old Net Name=NetR16_2 New Net Name=NetR11_2
Change Net Name : Old Net Name=NetR20_1 New Net Name=NetR15_1
Change Net Name : Old Net Name=NetR21_2 New Net Name=NetR16_2
Change Net Name : Old Net Name=NetR23_2 New Net Name=NetR18_2
Change Net Name : Old Net Name=NetR24_1 New Net Name=NetR19_1
Change Net Name : Old Net Name=NetR26_1 New Net Name=NetR21_1
Change Net Name : Old Net Name=NetR29_1 New Net Name=NetR25_1
Change Net Name : Old Net Name=NetR29_2 New Net Name=NetR25_2
Change Net Name : Old Net Name=NetR30_1 New Net Name=NetR26_1
Change Net Name : Old Net Name=NetR31_1 New Net Name=NetR27_1
Change Net Name : Old Net Name=NetR32_1 New Net Name=NetR30_1
Change Net Name : Old Net Name=NetR41_2 New Net Name=NetR56_2
Change Net Name : Old Net Name=NetU3_6 New Net Name=NetU1_6
Change Net Name : Old Net Name=NetU3_7 New Net Name=NetU1_7
Added Pin To Net: NetName=NetC12_1 Pin=C12-1
Added Pin To Net: NetName=NetC12_1 Pin=IC1-8
Added Pin To Net: NetName=NetC12_1 Pin=P1-43
Added Net: Name=NetC12_1
Added Pin To Net: NetName=NetC26_2 Pin=C26-2
Added Pin To Net: NetName=NetC26_2 Pin=IC1-4
Added Pin To Net: NetName=NetC26_2 Pin=P1-149
Added Net: Name=NetC26_2
Added Pin To Net: NetName=NetC36_2 Pin=C36-2
Added Pin To Net: NetName=NetC36_2 Pin=P1-64
Added Pin To Net: NetName=NetC36_2 Pin=R50-2
Added Net: Name=NetC36_2
Added Pin To Net: NetName=NetC41_2 Pin=C41-2
Added Pin To Net: NetName=NetC41_2 Pin=P3-3
Added Net: Name=NetC41_2
Added Pin To Net: NetName=NetD3_2 Pin=D3-2
Added Pin To Net: NetName=NetD3_2 Pin=J3-1
Added Pin To Net: NetName=NetD3_2 Pin=P1-31
Added Net: Name=NetD3_2
Added Pin To Net: NetName=NetD4_1 Pin=P1-106
Added Net: Name=NetD4_1
Added Pin To Net: NetName=NetD4_2 Pin=R12-1
Added Net: Name=NetD4_2
Added Net: Name=NetI1_3
Added Net: Name=NetI1_4
Added Pin To Net: NetName=NetIC1_3 Pin=IC1-3
Added Pin To Net: NetName=NetIC1_3 Pin=P1-148
Added Net: Name=NetIC1_3
Added Pin To Net: NetName=NetIC1_7 Pin=IC1-7
Added Net: Name=NetIC1_7
Added Pin To Net: NetName=NetIC1_9 Pin=IC1-9
Added Pin To Net: NetName=NetIC1_9 Pin=R10-2
Added Net: Name=NetIC1_9
Added Pin To Net: NetName=NetIC1_12 Pin=IC1-12
Added Net: Name=NetIC1_12
Added Pin To Net: NetName=NetIC1_13 Pin=IC1-13
Added Net: Name=NetIC1_13
Added Pin To Net: NetName=NetIC1_14 Pin=IC1-14
Added Net: Name=NetIC1_14
Added Pin To Net: NetName=NetIC1_19 Pin=IC1-19
Added Net: Name=NetIC1_19
Added Pin To Net: NetName=NetIC3_1 Pin=IC3-1
Added Pin To Net: NetName=NetIC3_1 Pin=R40-2
Added Net: Name=NetIC3_1
Added Pin To Net: NetName=NetIC3_2 Pin=IC3-2
Added Pin To Net: NetName=NetIC3_2 Pin=R41-2
Added Net: Name=NetIC3_2
Added Pin To Net: NetName=NetIC3_3 Pin=IC3-3
Added Pin To Net: NetName=NetIC3_3 Pin=R42-2
Added Pin To Net: NetName=NetIC3_3 Pin=R44-1
Added Net: Name=NetIC3_3
Added Pin To Net: NetName=NetIC3_4 Pin=IC3-4
Added Pin To Net: NetName=NetIC3_4 Pin=R32-2
Added Net: Name=NetIC3_4
Added Pin To Net: NetName=NetIC3_5 Pin=IC3-5
Added Pin To Net: NetName=NetIC3_5 Pin=R33-2
Added Net: Name=NetIC3_5
Added Pin To Net: NetName=NetIC3_6 Pin=IC3-6
Added Pin To Net: NetName=NetIC3_6 Pin=R34-2
Added Net: Name=NetIC3_6
Added Pin To Net: NetName=NetIC3_7 Pin=IC3-7
Added Pin To Net: NetName=NetIC3_7 Pin=R35-2
Added Net: Name=NetIC3_7
Added Pin To Net: NetName=NetIC3_9 Pin=IC3-9
Added Pin To Net: NetName=NetIC3_9 Pin=R36-2
Added Net: Name=NetIC3_9
Added Pin To Net: NetName=NetIC3_10 Pin=IC3-10
Added Pin To Net: NetName=NetIC3_10 Pin=R37-2
Added Net: Name=NetIC3_10
Added Pin To Net: NetName=NetIC3_11 Pin=IC3-11
Added Pin To Net: NetName=NetIC3_11 Pin=R38-2
Added Net: Name=NetIC3_11
Added Pin To Net: NetName=NetIC3_12 Pin=IC3-12
Added Pin To Net: NetName=NetIC3_12 Pin=R39-2
Added Net: Name=NetIC3_12
Added Pin To Net: NetName=NetIC3_13 Pin=IC3-13
Added Pin To Net: NetName=NetIC3_13 Pin=R43-1
Added Net: Name=NetIC3_13
Added Pin To Net: NetName=NetIC3_14 Pin=IC3-14
Added Pin To Net: NetName=NetIC3_14 Pin=R45-1
Added Net: Name=NetIC3_14
Added Pin To Net: NetName=NetIC3_15 Pin=IC3-15
Added Pin To Net: NetName=NetIC3_15 Pin=R6-1
Added Pin To Net: NetName=NetIC3_15 Pin=R46-2
Added Net: Name=NetIC3_15
Added Pin To Net: NetName=NetP1_3 Pin=P1-3
Added Net: Name=NetP1_3
Added Pin To Net: NetName=NetP1_4 Pin=P1-4
Added Net: Name=NetP1_4
Added Pin To Net: NetName=NetP1_6 Pin=P1-6
Added Net: Name=NetP1_6
Added Pin To Net: NetName=NetP1_96 Pin=P1-96
Added Net: Name=NetP1_96
Added Pin To Net: NetName=NetP1_97 Pin=P1-97
Added Net: Name=NetP1_97
Added Pin To Net: NetName=NetR13_1 Pin=R13-1
Added Net: Name=NetR13_1
Added Pin To Net: NetName=NetR14_1 Pin=R14-1
Added Net: Name=NetR14_1
Added Pin To Net: NetName=NetR31_2 Pin=R31-2
Added Pin To Net: NetName=NetR31_2 Pin=R42-1
Added Pin To Net: NetName=NetR31_2 Pin=U2-4
Added Net: Name=NetR31_2
Added Pin To Net: NetName=NetR45_2 Pin=R45-2
Added Pin To Net: NetName=NetR45_2 Pin=R48-1
Added Net: Name=NetR45_2
Added Pin To Net: NetName=NetR46_1 Pin=R46-1
Added Pin To Net: NetName=NetR46_1 Pin=R47-1
Added Net: Name=NetR46_1
Added Pin To Net: NetName=NetSW3_6 Pin=SW3-6
Added Net: Name=NetSW3_6
Added Pin To Net: NetName=VCC_I2C_M Pin=C32-2
Added Pin To Net: NetName=VCC_I2C_M Pin=C33-2
Added Pin To Net: NetName=VCC_I2C_M Pin=IC3-16
Added Pin To Net: NetName=VCC_I2C_M Pin=R28-1
Added Pin To Net: NetName=VCC_I2C_M Pin=R29-1
Added Pin To Net: NetName=VCC_I2C_M Pin=R44-2
Added Net: Name=VCC_I2C_M
Added Member To Class: ClassName=Sheet3 Member=Component C32 Cap Semi
Added Member To Class: ClassName=Sheet3 Member=Component C33 Cap Semi
Added Member To Class: ClassName=Sheet4 Member=Component C36 DNI
Added Member To Class: ClassName=Sheet5 Member=Component C41 Cap Semi
Added Member To Class: ClassName=Sheet1 Member=Component D1 esd
Added Member To Class: ClassName=Sheet1 Member=Component D2 ESD
Added Member To Class: ClassName=Sheet1 Member=Component D3 ESD
Added Member To Class: ClassName=Sheet3 Member=Component D5 ESD
Added Member To Class: ClassName=Sheet3 Member=Component IC3 
Added Member To Class: ClassName=Sheet5 Member=Component IC6 USB ESD Solution with Power
Added Member To Class: ClassName=Sheet5 Member=Component J6 105450-0101
Added Member To Class: ClassName=Sheet5 Member=Component P3 Header 3
Added Member To Class: ClassName=Sheet3 Member=Component R23 Res1
Added Member To Class: ClassName=Sheet3 Member=Component R28 Res1
Added Member To Class: ClassName=Sheet3 Member=Component R29 Res1
Added Member To Class: ClassName=Sheet3 Member=Component R32 Res1
Added Member To Class: ClassName=Sheet3 Member=Component R33 Res1
Added Member To Class: ClassName=Sheet3 Member=Component R35 Res1
Added Member To Class: ClassName=Sheet3 Member=Component R36 Res1
Added Member To Class: ClassName=Sheet3 Member=Component R37 Res1
Added Member To Class: ClassName=Sheet3 Member=Component R38 Res1
Added Member To Class: ClassName=Sheet3 Member=Component R39 Res1
Added Member To Class: ClassName=Sheet3 Member=Component R40 Res1
Added Member To Class: ClassName=Sheet3 Member=Component R41 Res1
Added Member To Class: ClassName=Sheet3 Member=Component R42 Res1
Added Member To Class: ClassName=Sheet3 Member=Component R43 Res1
Added Member To Class: ClassName=Sheet3 Member=Component R44 Res1
Added Member To Class: ClassName=Sheet3 Member=Component R45 Res1
Added Member To Class: ClassName=Sheet3 Member=Component R46 Res1
Added Member To Class: ClassName=Sheet3 Member=Component R47 Res1
Added Member To Class: ClassName=Sheet3 Member=Component R48 Res1
Added Member To Class: ClassName=Sheet3 Member=Component R49 Res1
Added Member To Class: ClassName=Sheet3 Member=Component U2 74AUP1G08GM
