Added Component: Designator=SW3(SW8_1571983)
Add component. Clean all parameters for all variants
Add component (AddParameter): Name = "Built_By"; Value = "EMA_UL_Team"; VariantName = "[No Variations]"
Add component (AddParameter): Name = "Configuration_(Pole-Throw)"; Value = "Single Pole - Single Throw"; VariantName = "[No Variations]"
Add component (AddParameter): Name = "Copyright"; Value = "Copyright (C) 2016 Accelerated Designs. All rights reserved"; VariantName = "[No Variations]"
Add component (AddParameter): Name = "Manufacturer_Part_Number"; Value = "1-1571983-1"; VariantName = "[No Variations]"
Add component (AddParameter): Name = "Max_Switching_Current"; Value = "-"; VariantName = "[No Variations]"
Add component (AddParameter): Name = "Max_Switching_Voltage(AC)"; Value = "-"; VariantName = "[No Variations]"
Add component (AddParameter): Name = "Product_Type"; Value = "Switch"; VariantName = "[No Variations]"
Add component (AddParameter): Name = "RefDes"; Value = "RefDes"; VariantName = "[No Variations]"
Add component (AddParameter): Name = "Switch_Type"; Value = "DIP"; VariantName = "[No Variations]"
Add component (AddParameter): Name = "TE_Part_Number"; Value = "1-1571983-1"; VariantName = "[No Variations]"
Add component (AddParameter): Name = "Type"; Value = "DEV"; VariantName = "[No Variations]"
Add component (AddParameter): Name = "Value"; Value = "Value"; VariantName = "[No Variations]"
Add component (AddParameter): Name = "Vendor"; Value = "TE Connectivity"; VariantName = "[No Variations]"
Added Pin To Net: NetName=NetR32_1 Pin=SW3-4
Added Pin To Net: NetName=NetR2_2 Pin=SW3-6
Added Pin To Net: NetName=NetC28_2 Pin=SW3-7
Added Pin To Net: NetName=NetP1_46 Pin=SW3-8
Added Pin To Net: NetName=NetR31_1 Pin=SW3-9
Added Pin To Net: NetName=NetR30_1 Pin=SW3-10
Added Pin To Net: NetName=VCC_3V3 Pin=SW3-11
Added Pin To Net: NetName=NetR29_1 Pin=SW3-12
Added Pin To Net: NetName=NetR23_2 Pin=SW3-13
Added Pin To Net: NetName=VCC_3V7 Pin=SW3-14
Added Pin To Net: NetName=NetR24_1 Pin=SW3-15
Added Pin To Net: NetName=GND Pin=SW3-16
Change Net Name : Old Net Name=Net*?_2 New Net Name=NetC32_2
Added Pin To Net: NetName=NetP1_59 Pin=P1-59
Added Pin To Net: NetName=NetP1_59 Pin=SW3-1
Added Net: Name=NetP1_59
Added Pin To Net: NetName=NetSW3_2 Pin=SW3-2
Added Net: Name=NetSW3_2
Added Pin To Net: NetName=NetSW3_3 Pin=SW3-3
Added Net: Name=NetSW3_3
Added Pin To Net: NetName=NetSW3_5 Pin=SW3-5
Added Net: Name=NetSW3_5
Added Member To Class: ClassName=Sheet5 Member=Component C? Cap Semi
Added Member To Class: ClassName=Sheet5 Member=Component IC? USB ESD Solution with Power
Added Member To Class: ClassName=Sheet5 Member=Component J? 105450-0101
Added Member To Class: ClassName=Sheet5 Member=Component P? Header 3
Added Member To Class: ClassName=Sheet3 Member=Component SW3 Part Number: 1-1571983-1
