Removed Member From Class: ClassName=Sheet3 Member=C26
Removed Member From Class: ClassName=Sheet4 Member=C31
Removed Member From Class: ClassName=Sheet3 Member=D2
Removed Member From Class: ClassName=Sheet1 Member=D6
Removed Member From Class: ClassName=Sheet1 Member=D7
Removed Member From Class: ClassName=Sheet3 Member=R15
Removed Member From Class: ClassName=Sheet3 Member=R50
Removed Member From Class: ClassName=Sheet3 Member=R51
Removed Member From Class: ClassName=Sheet3 Member=R52
Removed Member From Class: ClassName=Sheet3 Member=R53
Removed Member From Class: ClassName=Sheet3 Member=R54
Removed Member From Class: ClassName=Sheet3 Member=R55
Removed Member From Class: ClassName=Sheet3 Member=R56
Added Component: Designator=I1(Inductor_TCM1210-900-2P-T000)
Add component. Clean all parameters for all variants
Added Component: Designator=I2(Inductor_TCM1210-900-2P-T000)
Add component. Clean all parameters for all variants
Added Component: Designator=SW1(Switch_SKTDLDE010)
Add component. Clean all parameters for all variants
Added Component: Designator=SW2(Switch_SKTDLDE010)
Add component. Clean all parameters for all variants
Added Pin To Net: NetName=USB_CN_D- Pin=I1-1
Added Pin To Net: NetName=USB_CN_D+ Pin=I1-2
Added Pin To Net: NetName=NetI1_3 Pin=I1-3
Added Pin To Net: NetName=NetI1_4 Pin=I1-4
Added Pin To Net: NetName=USB_CN_D- Pin=I2-1
Added Pin To Net: NetName=USB_CN_D+ Pin=I2-2
Added Pin To Net: NetName=NetI1_3 Pin=I2-3
Added Pin To Net: NetName=NetI1_4 Pin=I2-4
Added Pin To Net: NetName=NetP1_59 Pin=SW1-1
Added Pin To Net: NetName=GND Pin=SW1-2
Added Pin To Net: NetName=GND Pin=SW1-3
Added Pin To Net: NetName=GND Pin=SW1-4
Added Pin To Net: NetName=GND Pin=SW1-5
Added Pin To Net: NetName=GND Pin=SW2-1
Added Pin To Net: NetName=NetC29_2 Pin=SW2-2
Added Pin To Net: NetName=GND Pin=SW2-3
Added Pin To Net: NetName=GND Pin=SW2-4
Added Pin To Net: NetName=GND Pin=SW2-5
Added Member To Class: ClassName=Sheet1 Member=Component C9 Cap Semi
Added Member To Class: ClassName=Sheet1 Member=Component C10 Cap Semi
Added Member To Class: ClassName=Sheet1 Member=Component C11 Cap Semi
Added Member To Class: ClassName=Sheet3 Member=Component C29 Cap Semi
Added Member To Class: ClassName=Sheet4 Member=Component C34 Cap Semi
Added Member To Class: ClassName=Sheet1 Member=Component D2 ESD
Added Member To Class: ClassName=Sheet1 Member=Component D3 ESD
Added Member To Class: ClassName=Sheet5 Member=Component I1 Inductor_TCM1210-900-2P-T000
Added Member To Class: ClassName=Sheet5 Member=Component I2 Inductor_TCM1210-900-2P-T000
Added Member To Class: ClassName=Sheet3 Member=Component IC2 Source:  Datasheet
Added Member To Class: ClassName=Sheet1 Member=Component R1 Res1
Added Member To Class: ClassName=Sheet2 Member=Component R2 Res1
Added Member To Class: ClassName=Sheet2 Member=Component R3 
Added Member To Class: ClassName=Sheet2 Member=Component R4 
Added Member To Class: ClassName=Sheet2 Member=Component R5 
Added Member To Class: ClassName=Sheet2 Member=Component R6 Res1
Added Member To Class: ClassName=Sheet3 Member=Component R20 Res1
Added Member To Class: ClassName=Sheet3 Member=Component R34 Res1
Added Member To Class: ClassName=Sheet3 Member=Component R35 Res1
Added Member To Class: ClassName=Sheet3 Member=Component R36 Res1
Added Member To Class: ClassName=Sheet3 Member=Component R37 Res1
Added Member To Class: ClassName=Sheet3 Member=Component R38 Res1
Added Member To Class: ClassName=Sheet3 Member=Component R39 Res1
Added Member To Class: ClassName=Sheet3 Member=Component R40 Res1
Added Member To Class: ClassName=Sheet3 Member=Component R41 Res1
Added Member To Class: ClassName=Sheet3 Member=Component SW1 Switch_SKTDLDE010
Added Member To Class: ClassName=Sheet3 Member=Component SW2 Switch_SKTDLDE010
Added Member To Class: ClassName=Sheet1 Member=Component U1 FT230XQ-R
Added Member To Class: ClassName=Sheet4 Member=Component U3 Part Number: XC6223H29B9R-G
