Removed Member From Class: ClassName=Sheet2 Member=C10
Removed Member From Class: ClassName=Sheet2 Member=C11
Removed Member From Class: ClassName=Sheet3 Member=C24
Removed Member From Class: ClassName=Sheet3 Member=C26
Removed Member From Class: ClassName=Sheet3 Member=C28
Removed Member From Class: ClassName=Sheet4 Member=C31
Removed Member From Class: ClassName=Sheet1 Member=D6
Removed Member From Class: ClassName=Sheet1 Member=D7
Removed Member From Class: ClassName=Sheet3 Member=R7
Removed Member From Class: ClassName=Sheet3 Member=R8
Removed Member From Class: ClassName=Sheet3 Member=R12
Removed Member From Class: ClassName=Sheet3 Member=R15
Removed Member From Class: ClassName=Sheet3 Member=R50
Removed Member From Class: ClassName=Sheet3 Member=R51
Removed Member From Class: ClassName=Sheet3 Member=R52
Removed Member From Class: ClassName=Sheet3 Member=R53
Removed Member From Class: ClassName=Sheet3 Member=R54
Removed Member From Class: ClassName=Sheet3 Member=R55
Removed Member From Class: ClassName=Sheet3 Member=R56
Added Component: Designator=D4(LED_3_PIN)
Add component. Clean all parameters for all variants
Added Pin To Net: NetName=NetD4_1 Pin=D4-1
Added Pin To Net: NetName=NetD4_2 Pin=D4-2
Added Pin To Net: NetName=NetD4_1 Pin=D4-3
Added Member To Class: ClassName=Sheet1 Member=Component C9 Cap Semi
Added Member To Class: ClassName=Sheet1 Member=Component C10 Cap Semi
Added Member To Class: ClassName=Sheet1 Member=Component C11 Cap Semi
Added Member To Class: ClassName=Sheet2 Member=Component C26 Cap Semi
Added Member To Class: ClassName=Sheet2 Member=Component C27 Cap Semi
Added Member To Class: ClassName=Sheet2 Member=Component C28 Cap Semi
Added Member To Class: ClassName=Sheet3 Member=Component C31 Cap Semi
Added Member To Class: ClassName=Sheet3 Member=Component C32 Cap Semi
Added Member To Class: ClassName=Sheet3 Member=Component C33 Cap Semi
Added Member To Class: ClassName=Sheet4 Member=Component C36 DNI
Added Member To Class: ClassName=Sheet1 Member=Component D2 ESD
Added Member To Class: ClassName=Sheet1 Member=Component D3 ESD
Added Member To Class: ClassName=Sheet2 Member=Component D4 LED_3_PIN
Added Member To Class: ClassName=Sheet3 Member=Component IC3 
Added Member To Class: ClassName=Sheet1 Member=Component R1 Res1
Added Member To Class: ClassName=Sheet2 Member=Component R11 Res1
Added Member To Class: ClassName=Sheet2 Member=Component R12 Res1
Added Member To Class: ClassName=Sheet2 Member=Component R13 Res1
Added Member To Class: ClassName=Sheet2 Member=Component R14 Res1
Added Member To Class: ClassName=Sheet2 Member=Component R15 Res1
Added Member To Class: ClassName=Sheet3 Member=Component R23 Res1
Added Member To Class: ClassName=Sheet3 Member=Component R28 Res1
Added Member To Class: ClassName=Sheet3 Member=Component R29 Res1
Added Member To Class: ClassName=Sheet3 Member=Component R32 Res1
Added Member To Class: ClassName=Sheet3 Member=Component R33 Res1
Added Member To Class: ClassName=Sheet3 Member=Component R34 Res1
Added Member To Class: ClassName=Sheet3 Member=Component R35 Res1
Added Member To Class: ClassName=Sheet3 Member=Component R36 Res1
Added Member To Class: ClassName=Sheet3 Member=Component R37 Res1
Added Member To Class: ClassName=Sheet3 Member=Component R38 Res1
Added Member To Class: ClassName=Sheet3 Member=Component R39 Res1
Added Member To Class: ClassName=Sheet3 Member=Component R40 Res1
Added Member To Class: ClassName=Sheet3 Member=Component R41 Res1
Added Member To Class: ClassName=Sheet1 Member=Component U1 FT230XQ-R
Added Member To Class: ClassName=Sheet4 Member=Component U3 Part Number: XC6223H29B9R-G
